[08/18/2022 14:07:08] Debug: Session id: 4f098515-5035-4459-9582-17f2655366e2
[08/18/2022 14:07:08] Debug: Code Processor information: Name :SnowConvert, Version: 7.11.81.0
[08/18/2022 14:07:09] Debug: Getting license
[08/18/2022 14:07:09] Debug: License information
	Status: Failed
	Message: No active license available.
[08/18/2022 14:07:09] Info: Starting to validate parameters
[08/18/2022 14:07:09] Info: Parameters to validate: 
	Execution mode: Conversion
	LICENSE_KEY: a3372138-b87e-4a08-b929-3b48b24c63f1
[08/18/2022 14:07:09] Info: Validation of parameters: Success
[08/18/2022 14:07:09] Debug: Getting code descriptor
[08/18/2022 14:07:09] Debug: Code descriptor information
	Units: 51
	Units type: LOC
	All file bytes: 2141
	All found extensions: .sql,.dml,.ddl,.bteq,.btq,.fl,.fload,.ml,.mload,.mld,.tp,.tpump,.tpt
[08/18/2022 14:07:09] Debug: Calculating fingerprint
[08/18/2022 14:07:09] Debug: Fingerprint information Fingerprint(size=2141,projects=1)
[08/18/2022 14:07:09] Info: Starting to try to validate online license for execution
[08/18/2022 14:07:11] Debug: Getting license
[08/18/2022 14:07:11] Debug: License information
	Status: Failed
	Message: No active license available.
[08/18/2022 14:07:11] Debug: Starting the execution of the controller
[08/18/2022 14:07:12] Debug: Executing the worker: SnowConvert
[08/18/2022 14:07:24] Debug: Finished executing the worker: SnowConvert
[08/18/2022 14:07:26] Info: Controller execution ended
